2021-11-22 19:30:27.747 Message Starting ABCI Application
2021-11-22 19:30:27.837 Message Server is up & running ()
2021-11-22 19:30:27.888 Message RocksDBStore: /devv/phantasma/phantasma-node/Node/bin/Debug/net5.0/Storage/
2021-11-22 19:30:28.071 Message Opening database at: /devv/phantasma/phantasma-node/Node/bin/Debug/net5.0/Storage
2021-11-22 19:31:02.117 Message Starting ABCI Application
2021-11-22 19:31:02.204 Message Server is up & running ()
2021-11-22 19:31:02.253 Message RocksDBStore: /devv/phantasma/phantasma-node/Node/bin/Debug/net5.0/Storage/
2021-11-22 19:31:02.406 Message Opening database at: /devv/phantasma/phantasma-node/Node/bin/Debug/net5.0/Storage
2021-11-22 19:31:02.525 Message Getting partition: chain.main
2021-11-22 19:31:02.528 Message Getting partition: contents
2021-11-22 19:31:02.531 Message Getting partition: Platform
2021-11-22 19:31:02.532 Message Platform count: 0
2021-11-22 19:31:02.633 Warning CryptoCompare API key missing, oracles won't work properly...
2021-11-22 19:31:02.635 Message Starting mempool with block time of 2 seconds.
2021-11-22 19:31:02.643 Message RPC server listening on port 7081...
2021-11-22 19:31:02.655 Message REST server listening on port 7078...
2021-11-22 19:31:02.670 Success Node is now running in validator mode!
2021-11-22 19:31:06.080 Message Termination started...
2021-11-22 19:31:06.080 Message Stopping mempool...
2021-11-22 19:31:06.094 Message Shutting down databases...
2021-11-22 19:31:06.096 Message Databases shut down!
2021-11-22 19:31:36.895 Message Starting ABCI Application
2021-11-22 19:31:36.967 Message Server is up & running ()
2021-11-22 19:31:37.029 Message RocksDBStore: /devv/phantasma/phantasma-node/Node/bin/Debug/net5.0/Storage/
2021-11-22 19:31:37.224 Message Opening database at: /devv/phantasma/phantasma-node/Node/bin/Debug/net5.0/Storage
2021-11-22 19:31:37.348 Message Getting partition: chain.main
2021-11-22 19:31:37.351 Message Getting partition: contents
2021-11-22 19:31:37.354 Message Getting partition: Platform
2021-11-22 19:31:37.356 Message Platform count: 0
2021-11-22 19:31:37.443 Warning CryptoCompare API key missing, oracles won't work properly...
2021-11-22 19:31:37.445 Message Starting mempool with block time of 2 seconds.
2021-11-22 19:31:37.455 Message RPC server listening on port 7081...
2021-11-22 19:31:37.468 Message REST server listening on port 7078...
2021-11-22 19:31:37.483 Success Node is now running in validator mode!
2021-11-22 19:40:30.832 Message Shutting down databases...
2021-11-22 19:40:30.834 Message Databases shut down!
 ()
2021-11-22 19:38:50.815 Message RocksDBStore: /devv/phantasma/phantasma-node/Node/bin/Debug/net5.0/Storage/
2021-11-22 19:38:50.982 Message Opening database at: /devv/phantasma/phantasma-node/Node/bin/Debug/net5.0/Storage
2021-11-22 19:39:48.780 Message Starting ABCI Application
2021-11-22 19:39:48.852 Message Server is up & running ()
2021-11-22 19:39:48.895 Message RocksDBStore: /devv/phantasma/phantasma-node/Node/bin/Debug/net5.0/Storage/
2021-11-22 19:39:49.061 Message Opening database at: /devv/phantasma/phantasma-node/Node/bin/Debug/net5.0/Storage
2021-11-22 19:39:49.183 Message Getting partition: chain.main
2021-11-22 19:39:49.187 Message Getting partition: contents
2021-11-22 19:39:49.191 Message Getting partition: Platform
2021-11-22 19:39:49.192 Message Platform count: 0
2021-11-22 19:39:49.303 Warning CryptoCompare API key missing, oracles won't work properly...
2021-11-22 19:39:49.305 Message Starting mempool with block time of 2 seconds.
2021-11-22 19:39:49.322 Message RPC server listening on port 7081...
2021-11-22 19:39:49.335 Message REST server listening on port 7078...
2021-11-22 19:39:49.354 Success Node is now running in validator mode!
2021-11-22 19:40:30.838 Message Shutting down databases...
2021-11-22 19:40:30.840 Message Databases shut down!
2021-11-22 19:40:34.511 Message Starting ABCI Application
2021-11-22 19:40:34.595 Message Server is up & running ()
2021-11-22 19:40:34.650 Message RocksDBStore: /devv/phantasma/phantasma-node/Node/bin/Debug/net5.0/Storage/
2021-11-22 19:40:34.810 Message Opening database at: /devv/phantasma/phantasma-node/Node/bin/Debug/net5.0/Storage
2021-11-22 19:40:34.930 Message Getting partition: chain.main
2021-11-22 19:40:34.933 Message Getting partition: contents
2021-11-22 19:40:34.935 Message Getting partition: Platform
2021-11-22 19:40:34.936 Message Platform count: 0
2021-11-22 19:40:35.020 Warning CryptoCompare API key missing, oracles won't work properly...
2021-11-22 19:40:35.021 Message Starting mempool with block time of 2 seconds.
2021-11-22 19:40:35.029 Message RPC server listening on port 7081...
2021-11-22 19:40:35.042 Message REST server listening on port 7078...
2021-11-22 19:40:35.057 Success Node is now running in validator mode!
2021-11-22 19:42:05.573 Message Termination started...
2021-11-22 19:42:05.573 Message Stopping mempool...
2021-11-22 19:42:05.573 Message Shutting down databases...
2021-11-22 19:42:05.575 Message Databases shut down!
2021-11-22 19:42:21.713 Message Starting ABCI Application
2021-11-22 19:42:21.789 Message Server is up & running ()
2021-11-22 19:42:21.837 Message RocksDBStore: /devv/phantasma/phantasma-node/Node/bin/Debug/net5.0/Storage/
2021-11-22 19:42:22.013 Message Opening database at: /devv/phantasma/phantasma-node/Node/bin/Debug/net5.0/Storage
2021-11-22 19:42:22.141 Message Getting partition: chain.main
2021-11-22 19:42:22.144 Message Getting partition: contents
2021-11-22 19:42:22.147 Message Getting partition: Platform
2021-11-22 19:42:22.148 Message Platform count: 0
2021-11-22 19:42:22.268 Warning CryptoCompare API key missing, oracles won't work properly...
2021-11-22 19:42:22.270 Message Starting mempool with block time of 2 seconds.
2021-11-22 19:42:22.281 Message RPC server listening on port 7081...
2021-11-22 19:42:22.293 Message REST server listening on port 7078...
2021-11-22 19:42:22.308 Success Node is now running in validator mode!
2021-11-22 19:48:28.751 Message Shutting down databases...
2021-11-22 19:48:28.754 Message Databases shut down!
2021-11-22 19:48:32.153 Message Starting ABCI Application
2021-11-22 19:48:32.234 Message Server is up & running ()
2021-11-22 19:48:32.283 Message RocksDBStore: /devv/phantasma/phantasma-node/Node/bin/Debug/net5.0/Storage/
2021-11-22 19:48:32.442 Message Opening database at: /devv/phantasma/phantasma-node/Node/bin/Debug/net5.0/Storage
2021-11-22 19:48:32.561 Message Getting partition: chain.main
2021-11-22 19:48:32.564 Message Getting partition: contents
2021-11-22 19:48:32.566 Message Getting partition: Platform
2021-11-22 19:48:32.567 Message Platform count: 0
2021-11-22 19:48:32.678 Warning CryptoCompare API key missing, oracles won't work properly...
2021-11-22 19:48:32.680 Message Starting mempool with block time of 2 seconds.
2021-11-22 19:48:32.688 Message RPC server listening on port 7081...
2021-11-22 19:48:32.700 Message REST server listening on port 7078...
2021-11-22 19:48:32.714 Success Node is now running in validator mode!
2021-11-22 19:48:55.650 Message Shutting down databases...
2021-11-22 19:48:55.652 Message Databases shut down!
2021-11-22 19:48:58.166 Message Starting ABCI Application
2021-11-22 19:48:58.252 Message Server is up & running ()
2021-11-22 19:48:58.299 Message RocksDBStore: /devv/phantasma/phantasma-node/Node/bin/Debug/net5.0/Storage/
2021-11-22 19:48:58.450 Message Opening database at: /devv/phantasma/phantasma-node/Node/bin/Debug/net5.0/Storage
2021-11-22 19:48:58.582 Message Getting partition: chain.main
2021-11-22 19:48:58.584 Message Getting partition: contents
2021-11-22 19:48:58.587 Message Getting partition: Platform
2021-11-22 19:48:58.588 Message Platform count: 0
2021-11-22 19:48:58.691 Warning CryptoCompare API key missing, oracles won't work properly...
2021-11-22 19:48:58.693 Message Starting mempool with block time of 2 seconds.
2021-11-22 19:48:58.701 Message RPC server listening on port 7081...
2021-11-22 19:48:58.712 Message REST server listening on port 7078...
2021-11-22 19:48:58.727 Success Node is now running in validator mode!
2021-11-22 19:49:08.413 Message Shutting down databases...
2021-11-22 19:49:08.415 Message Databases shut down!
2021-11-22 19:49:10.580 Message Starting ABCI Application
2021-11-22 19:49:10.656 Message Server is up & running ()
2021-11-22 19:49:10.703 Message RocksDBStore: /devv/phantasma/phantasma-node/Node/bin/Debug/net5.0/Storage/
2021-11-22 19:49:10.859 Message Opening database at: /devv/phantasma/phantasma-node/Node/bin/Debug/net5.0/Storage
2021-11-22 19:49:10.984 Message Getting partition: chain.main
2021-11-22 19:49:10.987 Message Getting partition: contents
2021-11-22 19:49:10.990 Message Getting partition: Platform
2021-11-22 19:49:10.991 Message Platform count: 0
2021-11-22 19:49:11.102 Warning CryptoCompare API key missing, oracles won't work properly...
2021-11-22 19:49:11.104 Message Starting mempool with block time of 2 seconds.
2021-11-22 19:49:11.112 Message RPC server listening on port 7081...
2021-11-22 19:49:11.123 Message REST server listening on port 7078...
2021-11-22 19:49:11.138 Success Node is now running in validator mode!
2021-11-22 19:49:40.041 Message Termination started...
2021-11-22 19:49:40.041 Message Stopping mempool...
2021-11-22 19:49:40.042 Message Shutting down databases...
2021-11-22 19:49:40.044 Message Databases shut down!
